[2025-05-23 07:53:33] [INFO] === Starting Laptop Exchange Process ===
[2025-05-23 07:53:33] [INFO] Connecting to SnipeIT using stored credentials
[2025-05-23 07:53:34] [SUCCESS] Successfully connected to SnipeIT
[2025-05-23 07:53:34] [INFO] --- Validating Configuration ---
[2025-05-23 07:53:34] [INFO] DamagedStatusId: 6
[2025-05-23 07:53:34] [INFO] ReadyToDeployStatusId: 2
[2025-05-23 07:53:34] [INFO] --- Checking Available Status Labels ---
[2025-05-23 07:53:34] [INFO] Retrieving available status labels from SnipeIT
[2025-05-23 07:53:34] [INFO] Available Status Labels:
[2025-05-23 07:53:34] [INFO]   ID: 6 - Name: Damaged
[2025-05-23 07:53:34] [INFO]   ID: 5 - Name: Deployed
[2025-05-23 07:53:34] [INFO]   ID: 1 - Name: Pending
[2025-05-23 07:53:34] [INFO]   ID: 2 - Name: Ready to Deploy
[2025-05-23 07:53:34] [INFO]   ID: 3 - Name: Archived
[2025-05-23 07:53:34] [INFO] Reading CSV data from: laptop_swaps.csv
[2025-05-23 07:53:34] [SUCCESS] Successfully loaded 669 records from CSV
[2025-05-23 07:53:34] [INFO] --- Processing Row 1 ---
[2025-05-23 07:53:34] [INFO] Processing exchange for Student ID: 9016250
[2025-05-23 07:53:34] [INFO] Broken laptop: 0956, New laptop: 1558
[2025-05-23 07:53:34] [INFO] Validating student 9016250 with laptop 0956
[2025-05-23 07:53:34] [WARNING] Student not found: 9016250
[2025-05-23 07:53:34] [ERROR] Validation failed for student 9016250 and broken laptop 0956
[2025-05-23 07:53:34] [ERROR] Failed to send email: Cannot bind argument to parameter 'String' because it is an empty string.
[2025-05-23 07:53:34] [WARNING] Make sure you're using a Gmail App Password, not your regular password
[2025-05-23 07:53:34] [WARNING] Generate an App Password at: https://myaccount.google.com/apppasswords
[2025-05-23 07:53:36] [INFO] --- Processing Row 2 ---
[2025-05-23 07:53:36] [INFO] Processing exchange for Student ID: 2016915
[2025-05-23 07:53:36] [INFO] Broken laptop: 0723, New laptop: 0638
[2025-05-23 07:53:36] [INFO] Validating student 2016915 with laptop 0723
[2025-05-23 07:53:37] [WARNING] Asset not found: 0723
[2025-05-23 07:53:37] [ERROR] Validation failed for student 2016915 and broken laptop 0723
[2025-05-23 07:53:37] [ERROR] Failed to send email: Cannot bind argument to parameter 'String' because it is an empty string.
[2025-05-23 07:53:37] [WARNING] Make sure you're using a Gmail App Password, not your regular password
[2025-05-23 07:53:37] [WARNING] Generate an App Password at: https://myaccount.google.com/apppasswords
[2025-05-23 07:53:39] [INFO] --- Processing Row 3 ---
[2025-05-23 07:53:39] [WARNING] Skipping row with missing required data
[2025-05-23 07:53:41] [INFO] --- Processing Row 4 ---
[2025-05-23 07:53:41] [INFO] Processing exchange for Student ID: 3015992
[2025-05-23 07:53:41] [INFO] Broken laptop: Old one 1146, New laptop: New one 0719,
[2025-05-23 07:53:41] [INFO] Validating student 3015992 with laptop Old one 1146
[2025-05-23 07:53:41] [WARNING] Student not found: 3015992
[2025-05-23 07:53:41] [ERROR] Validation failed for student 3015992 and broken laptop Old one 1146
[2025-05-23 07:53:41] [ERROR] Failed to send email: Cannot bind argument to parameter 'String' because it is an empty string.
[2025-05-23 07:53:41] [WARNING] Make sure you're using a Gmail App Password, not your regular password
[2025-05-23 07:53:41] [WARNING] Generate an App Password at: https://myaccount.google.com/apppasswords
[2025-05-23 07:53:43] [INFO] --- Processing Row 5 ---
[2025-05-23 07:53:43] [INFO] Processing exchange for Student ID: 0016723
[2025-05-23 07:53:43] [INFO] Broken laptop: 0855, New laptop: 0826
[2025-05-23 07:53:43] [INFO] Validating student 0016723 with laptop 0855
[2025-05-23 07:53:44] [WARNING] Student not found: 0016723
[2025-05-23 07:53:44] [ERROR] Validation failed for student 0016723 and broken laptop 0855
[2025-05-23 07:53:44] [ERROR] Failed to send email: Cannot bind argument to parameter 'String' because it is an empty string.
[2025-05-23 07:53:44] [WARNING] Make sure you're using a Gmail App Password, not your regular password
[2025-05-23 07:53:44] [WARNING] Generate an App Password at: https://myaccount.google.com/apppasswords
[2025-05-23 07:53:46] [INFO] --- Processing Row 6 ---
[2025-05-23 07:53:46] [INFO] Processing exchange for Student ID: 3015913
[2025-05-23 07:53:46] [INFO] Broken laptop: 0755, New laptop: 1560
[2025-05-23 07:53:46] [INFO] Validating student 3015913 with laptop 0755
[2025-05-23 07:53:48] [WARNING] Asset not found: 0755
[2025-05-23 07:53:48] [ERROR] Validation failed for student 3015913 and broken laptop 0755
[2025-05-23 07:53:48] [ERROR] Failed to send email: Cannot bind argument to parameter 'String' because it is an empty string.
[2025-05-23 07:53:48] [WARNING] Make sure you're using a Gmail App Password, not your regular password
[2025-05-23 07:53:48] [WARNING] Generate an App Password at: https://myaccount.google.com/apppasswords
[2025-05-23 07:53:50] [INFO] --- Processing Row 7 ---
[2025-05-23 07:53:50] [INFO] Processing exchange for Student ID: 9016250
[2025-05-23 07:53:50] [INFO] Broken laptop: 1558, New laptop: 1072
[2025-05-23 07:53:50] [INFO] Validating student 9016250 with laptop 1558
[2025-05-23 07:53:50] [WARNING] Student not found: 9016250
[2025-05-23 07:53:50] [ERROR] Validation failed for student 9016250 and broken laptop 1558
[2025-05-23 07:53:50] [ERROR] Failed to send email: Cannot bind argument to parameter 'String' because it is an empty string.
[2025-05-23 07:53:50] [WARNING] Make sure you're using a Gmail App Password, not your regular password
[2025-05-23 07:53:50] [WARNING] Generate an App Password at: https://myaccount.google.com/apppasswords
[2025-05-23 07:53:52] [INFO] --- Processing Row 8 ---
[2025-05-23 07:53:52] [INFO] Processing exchange for Student ID: 0017077
[2025-05-23 07:53:52] [INFO] Broken laptop: 1231, New laptop: 1146
[2025-05-23 07:53:52] [INFO] Validating student 0017077 with laptop 1231
[2025-05-23 07:53:52] [WARNING] Student not found: 0017077
[2025-05-23 07:53:52] [ERROR] Validation failed for student 0017077 and broken laptop 1231
[2025-05-23 07:53:52] [ERROR] Failed to send email: Cannot bind argument to parameter 'String' because it is an empty string.
[2025-05-23 07:53:52] [WARNING] Make sure you're using a Gmail App Password, not your regular password
[2025-05-23 07:53:52] [WARNING] Generate an App Password at: https://myaccount.google.com/apppasswords
[2025-05-23 07:53:54] [INFO] --- Processing Row 9 ---
[2025-05-23 07:53:54] [INFO] Processing exchange for Student ID: 2016178
[2025-05-23 07:53:54] [INFO] Broken laptop: 1101, New laptop: 1409
[2025-05-23 07:53:54] [INFO] Validating student 2016178 with laptop 1101
[2025-05-23 07:53:55] [WARNING] Validation failed: Asset 1101 is assigned to 'Unassigned', not student 2016178
[2025-05-23 07:53:55] [ERROR] Validation failed for student 2016178 and broken laptop 1101
[2025-05-23 07:53:55] [ERROR] Failed to send email: Cannot bind argument to parameter 'String' because it is an empty string.
[2025-05-23 07:53:55] [WARNING] Make sure you're using a Gmail App Password, not your regular password
[2025-05-23 07:53:55] [WARNING] Generate an App Password at: https://myaccount.google.com/apppasswords
[2025-05-23 07:53:57] [INFO] --- Processing Row 10 ---
[2025-05-23 07:53:57] [INFO] Processing exchange for Student ID: 2016888
[2025-05-23 07:53:57] [INFO] Broken laptop: 0475, New laptop: 0730
[2025-05-23 07:53:57] [INFO] Validating student 2016888 with laptop 0475
[2025-05-23 07:53:58] [WARNING] Asset not found: 0475
[2025-05-23 07:53:58] [ERROR] Validation failed for student 2016888 and broken laptop 0475
[2025-05-23 07:53:58] [ERROR] Failed to send email: Cannot bind argument to parameter 'String' because it is an empty string.
[2025-05-23 07:53:58] [WARNING] Make sure you're using a Gmail App Password, not your regular password
[2025-05-23 07:53:58] [WARNING] Generate an App Password at: https://myaccount.google.com/apppasswords
[2025-05-23 07:54:00] [INFO] --- Processing Row 11 ---
[2025-05-23 07:54:00] [INFO] Processing exchange for Student ID: 9016888
[2025-05-23 07:54:00] [INFO] Broken laptop: 0642, New laptop: 0894
[2025-05-23 07:54:00] [INFO] Validating student 9016888 with laptop 0642
[2025-05-23 07:54:00] [WARNING] Student not found: 9016888
[2025-05-23 07:54:00] [ERROR] Validation failed for student 9016888 and broken laptop 0642
[2025-05-23 07:54:00] [ERROR] Failed to send email: Cannot bind argument to parameter 'String' because it is an empty string.
[2025-05-23 07:54:00] [WARNING] Make sure you're using a Gmail App Password, not your regular password
[2025-05-23 07:54:00] [WARNING] Generate an App Password at: https://myaccount.google.com/apppasswords
[2025-05-23 07:54:02] [INFO] --- Processing Row 12 ---
[2025-05-23 07:54:02] [INFO] Processing exchange for Student ID: 3015814
[2025-05-23 07:54:02] [INFO] Broken laptop: 0549, New laptop: 0474
[2025-05-23 07:54:02] [INFO] Validating student 3015814 with laptop 0549
[2025-05-23 07:54:02] [WARNING] Asset not found: 0549
[2025-05-23 07:54:02] [ERROR] Validation failed for student 3015814 and broken laptop 0549
[2025-05-23 07:54:02] [ERROR] Failed to send email: Cannot bind argument to parameter 'String' because it is an empty string.
[2025-05-23 07:54:02] [WARNING] Make sure you're using a Gmail App Password, not your regular password
[2025-05-23 07:54:02] [WARNING] Generate an App Password at: https://myaccount.google.com/apppasswords
[2025-05-23 07:54:04] [INFO] --- Processing Row 13 ---
[2025-05-23 07:54:04] [INFO] Processing exchange for Student ID: 2016892
[2025-05-23 07:54:04] [INFO] Broken laptop: 0972, New laptop: 0555
[2025-05-23 07:54:04] [INFO] Validating student 2016892 with laptop 0972
