[2025-05-23 08:40:57] [INFO] === Starting Laptop Exchange Process ===
[2025-05-23 08:40:57] [INFO] Connecting to SnipeIT using stored credentials
[2025-05-23 08:40:57] [SUCCESS] Successfully connected to SnipeIT
[2025-05-23 08:40:57] [INFO] --- Validating Configuration ---
[2025-05-23 08:40:57] [INFO] DamagedStatusId: 6
[2025-05-23 08:40:57] [INFO] ReadyToDeployStatusId: 2
[2025-05-23 08:40:57] [INFO] --- Checking Available Status Labels ---
[2025-05-23 08:40:57] [INFO] Retrieving available status labels from SnipeIT
[2025-05-23 08:40:58] [INFO] Available Status Labels:
[2025-05-23 08:40:58] [INFO]   ID: 6 - Name: Damaged
[2025-05-23 08:40:58] [INFO]   ID: 5 - Name: Deployed
[2025-05-23 08:40:58] [INFO]   ID: 1 - Name: Pending
[2025-05-23 08:40:58] [INFO]   ID: 2 - Name: Ready to Deploy
[2025-05-23 08:40:58] [INFO]   ID: 3 - Name: Archived
[2025-05-23 08:40:58] [INFO] Reading CSV data from: laptop_swaps.csv
[2025-05-23 08:40:58] [SUCCESS] Successfully loaded 668 records from CSV
[2025-05-23 08:40:58] [INFO] --- Processing Row 1 ---
[2025-05-23 08:40:58] [INFO] Processing exchange for Student ID: 4016772
[2025-05-23 08:40:58] [INFO] Broken laptop: 1902, New laptop: 2646
[2025-05-23 08:40:58] [INFO] Validating student 4016772 with laptop 1902
[2025-05-23 08:40:59] [SUCCESS] Validation successful: Asset 1902 is assigned to student 4016772
[2025-05-23 08:40:59] [INFO] Processing maintenance for asset 1902 (Type: broken)
[2025-05-23 08:41:00] [SUCCESS] Maintenance record created successfully for damaged asset 1902
[2025-05-23 08:41:00] [INFO] Attempting to update asset 1902 to status ID 6 (Damaged)
[2025-05-23 08:41:01] [SUCCESS] Asset 1902 status updated to 'Damaged' (ID: 6) successfully
[2025-05-23 08:41:01] [INFO] Processing maintenance for asset 2646 (Type: replacement)
[2025-05-23 08:41:01] [INFO] Attempting to update asset 2646 to status ID 2 (Ready for Assignment)
[2025-05-23 08:41:01] [SUCCESS] Asset 2646 status updated to 'Ready for Assignment' (ID: 2) successfully
[2025-05-23 08:41:01] [INFO] Updating notes for asset 1902
[2025-05-23 08:41:02] [SUCCESS] Notes updated successfully for asset 1902
[2025-05-23 08:41:03] [SUCCESS] Successfully unassigned broken laptop 1902
[2025-05-23 08:41:03] [SUCCESS] Exchange completed successfully for student 4016772
[2025-05-23 08:41:05] [SUCCESS] Email sent successfully: SUCCESS: Laptop Exchange Completed
[2025-05-23 08:41:07] [INFO] --- Processing Row 2 ---
[2025-05-23 08:41:07] [INFO] Processing exchange for Student ID: 5016191
[2025-05-23 08:41:07] [INFO] Broken laptop: 2476, New laptop: 2473
[2025-05-23 08:41:07] [INFO] Validating student 5016191 with laptop 2476
[2025-05-23 08:41:09] [WARNING] Validation failed: Asset 2476 is assigned to 'Liam Decareaux', not student 5016191
[2025-05-23 08:41:09] [ERROR] Validation failed for student 5016191 and broken laptop 2476
[2025-05-23 08:41:11] [SUCCESS] Email sent successfully: ALERT: Laptop Exchange Conflict - Broken Laptop Assignment Mismatch
[2025-05-23 08:41:11] [INFO] Conflict email sent for Student ID: 5016191
[2025-05-23 08:41:13] [INFO] --- Processing Row 3 ---
[2025-05-23 08:41:13] [INFO] Processing exchange for Student ID: 5016207
[2025-05-23 08:41:13] [INFO] Broken laptop: 1823, New laptop: 351
[2025-05-23 08:41:13] [INFO] Validating student 5016207 with laptop 1823
[2025-05-23 08:41:14] [SUCCESS] Validation successful: Asset 1823 is assigned to student 5016207
[2025-05-23 08:41:15] [WARNING] New laptop 351 is already assigned to someone else
[2025-05-23 08:41:17] [SUCCESS] Email sent successfully: ALERT: Laptop Exchange Conflict - New Laptop Already Assigned
[2025-05-23 08:41:17] [INFO] Conflict email sent for Student ID: 5016207
[2025-05-23 08:41:19] [INFO] --- Processing Row 4 ---
[2025-05-23 08:41:19] [INFO] Processing exchange for Student ID: 2017090
[2025-05-23 08:41:19] [INFO] Broken laptop: 478, New laptop: 1915
[2025-05-23 08:41:19] [INFO] Validating student 2017090 with laptop 478
[2025-05-23 08:41:20] [SUCCESS] Validation successful: Asset 478 is assigned to student 2017090
[2025-05-23 08:41:21] [INFO] Processing maintenance for asset 478 (Type: broken)
[2025-05-23 08:41:21] [SUCCESS] Maintenance record created successfully for damaged asset 478
[2025-05-23 08:41:21] [INFO] Attempting to update asset 478 to status ID 6 (Damaged)
[2025-05-23 08:41:22] [SUCCESS] Asset 478 status updated to 'Damaged' (ID: 6) successfully
[2025-05-23 08:41:22] [INFO] Processing maintenance for asset 1915 (Type: replacement)
[2025-05-23 08:41:22] [INFO] Attempting to update asset 1915 to status ID 2 (Ready for Assignment)
[2025-05-23 08:41:22] [SUCCESS] Asset 1915 status updated to 'Ready for Assignment' (ID: 2) successfully
[2025-05-23 08:41:22] [INFO] Updating notes for asset 478
[2025-05-23 08:41:24] [SUCCESS] Notes updated successfully for asset 478
[2025-05-23 08:41:25] [SUCCESS] Successfully unassigned broken laptop 478
[2025-05-23 08:41:26] [SUCCESS] Exchange completed successfully for student 2017090
[2025-05-23 08:41:28] [SUCCESS] Email sent successfully: SUCCESS: Laptop Exchange Completed
[2025-05-23 08:41:30] [INFO] --- Processing Row 5 ---
[2025-05-23 08:41:30] [WARNING] Skipping row with missing required data
[2025-05-23 08:41:32] [INFO] --- Processing Row 6 ---
[2025-05-23 08:41:32] [WARNING] Skipping row with missing required data
[2025-05-23 08:41:34] [INFO] --- Processing Row 7 ---
[2025-05-23 08:41:34] [WARNING] Skipping row with missing required data
[2025-05-23 08:41:36] [INFO] --- Processing Row 8 ---
[2025-05-23 08:41:36] [WARNING] Skipping row with missing required data
[2025-05-23 08:41:38] [INFO] --- Processing Row 9 ---
[2025-05-23 08:41:38] [WARNING] Skipping row with missing required data
[2025-05-23 08:41:40] [INFO] --- Processing Row 10 ---
[2025-05-23 08:41:40] [WARNING] Skipping row with missing required data
[2025-05-23 08:41:42] [INFO] --- Processing Row 11 ---
[2025-05-23 08:41:42] [WARNING] Skipping row with missing required data
[2025-05-23 08:41:44] [INFO] --- Processing Row 12 ---
[2025-05-23 08:41:44] [WARNING] Skipping row with missing required data
[2025-05-23 08:41:46] [INFO] --- Processing Row 13 ---
[2025-05-23 08:41:46] [WARNING] Skipping row with missing required data
[2025-05-23 08:41:48] [INFO] --- Processing Row 14 ---
[2025-05-23 08:41:48] [WARNING] Skipping row with missing required data
[2025-05-23 08:41:50] [INFO] --- Processing Row 15 ---
[2025-05-23 08:41:50] [WARNING] Skipping row with missing required data
[2025-05-23 08:41:52] [INFO] --- Processing Row 16 ---
[2025-05-23 08:41:52] [WARNING] Skipping row with missing required data
[2025-05-23 08:41:54] [INFO] --- Processing Row 17 ---
[2025-05-23 08:41:54] [WARNING] Skipping row with missing required data
[2025-05-23 08:41:56] [INFO] --- Processing Row 18 ---
[2025-05-23 08:41:56] [WARNING] Skipping row with missing required data
[2025-05-23 08:41:58] [INFO] --- Processing Row 19 ---
[2025-05-23 08:41:58] [WARNING] Skipping row with missing required data
[2025-05-23 08:42:00] [INFO] --- Processing Row 20 ---
[2025-05-23 08:42:00] [WARNING] Skipping row with missing required data
[2025-05-23 08:42:02] [INFO] --- Processing Row 21 ---
[2025-05-23 08:42:02] [WARNING] Skipping row with missing required data
[2025-05-23 08:42:04] [INFO] --- Processing Row 22 ---
[2025-05-23 08:42:04] [WARNING] Skipping row with missing required data
[2025-05-23 08:42:06] [INFO] --- Processing Row 23 ---
[2025-05-23 08:42:06] [WARNING] Skipping row with missing required data
[2025-05-23 08:42:08] [INFO] --- Processing Row 24 ---
[2025-05-23 08:42:08] [WARNING] Skipping row with missing required data
[2025-05-23 08:42:10] [INFO] --- Processing Row 25 ---
[2025-05-23 08:42:10] [WARNING] Skipping row with missing required data
[2025-05-23 08:42:12] [INFO] --- Processing Row 26 ---
[2025-05-23 08:42:12] [WARNING] Skipping row with missing required data
[2025-05-23 08:42:14] [INFO] --- Processing Row 27 ---
[2025-05-23 08:42:14] [WARNING] Skipping row with missing required data
[2025-05-23 08:42:16] [INFO] --- Processing Row 28 ---
[2025-05-23 08:42:16] [WARNING] Skipping row with missing required data
[2025-05-23 08:42:18] [INFO] --- Processing Row 29 ---
[2025-05-23 08:42:18] [WARNING] Skipping row with missing required data
[2025-05-23 08:42:20] [INFO] --- Processing Row 30 ---
[2025-05-23 08:42:20] [WARNING] Skipping row with missing required data
